#
# There is insufficient memory for the Java Runtime Environment to continue.
# Native memory allocation (malloc) failed to allocate 809536 bytes for Chunk::new
# Possible reasons:
#   The system is out of physical RAM or swap space
#   The process is running with CompressedOops enabled, and the Java Heap may be blocking the growth of the native heap
# Possible solutions:
#   Reduce memory load on the system
#   Increase physical memory or swap space
#   Check if swap backing store is full
#   Decrease Java heap size (-Xmx/-Xms)
#   Decrease number of Java threads
#   Decrease Java thread stack sizes (-Xss)
#   Set larger code cache with -XX:ReservedCodeCacheSize=
#   JVM is running with Unscaled Compressed Oops mode in which the Java heap is
#     placed in the first 4GB address space. The Java Heap base address is the
#     maximum limit for the native heap growth. Please use -XX:HeapBaseMinAddress
#     to set the Java Heap base and to place the Java Heap above 4GB virtual address.
# This output file may be truncated or incomplete.
#
#  Out of Memory Error (./src/hotspot/share/memory/arena.cpp:197), pid=45820, tid=3312
#
# JRE version: OpenJDK Runtime Environment OpenLogic-OpenJDK (11.0.11+9) (build 11.0.11+9-adhoc..jdk11u)
# Java VM: OpenJDK 64-Bit Server VM OpenLogic-OpenJDK (11.0.11+9-adhoc..jdk11u, mixed mode, tiered, compressed oops, g1 gc, windows-amd64)
# No core dump will be written. Minidumps are not enabled by default on client versions of Windows
#

---------------  S U M M A R Y ------------

Command Line: -Dfile.encoding=Cp1252 Testfinalpage.Testpage

Host: 11th Gen Intel(R) Core(TM) i5-1135G7 @ 2.40GHz, 8 cores, 7G,  Windows 10 , 64 bit Build 22000 (10.0.22000.2538)
Time: Tue Feb 27 17:10:26 2024 India Standard Time elapsed time: 8.819618 seconds (0d 0h 0m 8s)

---------------  T H R E A D  ---------------

Current thread (0x000001c69bdf9800):  JavaThread "C2 CompilerThread0" daemon [_thread_in_native, id=3312, stack(0x000000325e400000,0x000000325e500000)]


Current CompileTask:
C2:   8819 2181       4       org.apache.xmlbeans.impl.util.LongUTFDataInputStream::readLongUTF (411 bytes)

Stack: [0x000000325e400000,0x000000325e500000]
Native frames: (J=compiled Java code, j=interpreted, Vv=VM code, C=native code)
V  [jvm.dll+0x5f31fa]
V  [jvm.dll+0x72be5e]
V  [jvm.dll+0x72d52f]
V  [jvm.dll+0x72dbf3]
V  [jvm.dll+0x2452a8]
V  [jvm.dll+0xbd4dc]
V  [jvm.dll+0xbdbdc]
V  [jvm.dll+0x2b3ca4]
V  [jvm.dll+0x5062d6]
V  [jvm.dll+0x20085b]
V  [jvm.dll+0x1fde6f]
V  [jvm.dll+0x1829fc]
V  [jvm.dll+0x20d2d7]
V  [jvm.dll+0x20b4bb]
V  [jvm.dll+0x6f0429]
V  [jvm.dll+0x6e9494]
V  [jvm.dll+0x5f2076]
C  [ucrtbase.dll+0x26c0c]
C  [KERNEL32.DLL+0x153e0]
C  [ntdll.dll+0x485b]


---------------  P R O C E S S  ---------------

Threads class SMR info:
_java_thread_list=0x000001c69bf8b6d0, length=23, elements={
0x000001c68249b000, 0x000001c69bdc2000, 0x000001c69bdcc000, 0x000001c69bde7800,
0x000001c69bdeb800, 0x000001c69bdee000, 0x000001c69bdf9800, 0x000001c69bdfc800,
0x000001c69be00800, 0x000001c69bf90000, 0x000001c69c790800, 0x000001c69cfa1000,
0x000001c69d07a000, 0x000001c69d0ba000, 0x000001c69d0d3800, 0x000001c69d108800,
0x000001c69d297000, 0x000001c69d1f5800, 0x000001c69d105800, 0x000001c69d106800,
0x000001c69d105000, 0x000001c69d104000, 0x000001c69e950000
}

Java Threads: ( => current thread )
  0x000001c68249b000 JavaThread "main" [_thread_in_vm, id=32464, stack(0x000000325d800000,0x000000325d900000)]
  0x000001c69bdc2000 JavaThread "Reference Handler" daemon [_thread_blocked, id=8212, stack(0x000000325df00000,0x000000325e000000)]
  0x000001c69bdcc000 JavaThread "Finalizer" daemon [_thread_blocked, id=33856, stack(0x000000325e000000,0x000000325e100000)]
  0x000001c69bde7800 JavaThread "Signal Dispatcher" daemon [_thread_blocked, id=57236, stack(0x000000325e100000,0x000000325e200000)]
  0x000001c69bdeb800 JavaThread "Attach Listener" daemon [_thread_blocked, id=34624, stack(0x000000325e200000,0x000000325e300000)]
  0x000001c69bdee000 JavaThread "Service Thread" daemon [_thread_blocked, id=52512, stack(0x000000325e300000,0x000000325e400000)]
=>0x000001c69bdf9800 JavaThread "C2 CompilerThread0" daemon [_thread_in_native, id=3312, stack(0x000000325e400000,0x000000325e500000)]
  0x000001c69bdfc800 JavaThread "C1 CompilerThread0" daemon [_thread_in_vm, id=33116, stack(0x000000325e500000,0x000000325e600000)]
  0x000001c69be00800 JavaThread "Sweeper thread" daemon [_thread_blocked, id=2296, stack(0x000000325e600000,0x000000325e700000)]
  0x000001c69bf90000 JavaThread "Common-Cleaner" daemon [_thread_blocked, id=48428, stack(0x000000325e800000,0x000000325e900000)]
  0x000001c69c790800 JavaThread "ForkJoinPool.commonPool-worker-3" daemon [_thread_blocked, id=16860, stack(0x000000325ea00000,0x000000325eb00000)]
  0x000001c69cfa1000 JavaThread "HttpClient-1-SelectorManager" daemon [_thread_in_native, id=67536, stack(0x000000325ed00000,0x000000325ee00000)]
  0x000001c69d07a000 JavaThread "Thread-0" [_thread_in_native, id=58520, stack(0x000000325ee00000,0x000000325ef00000)]
  0x000001c69d0ba000 JavaThread "Driver Service Executor" daemon [_thread_blocked, id=25504, stack(0x000000325ef00000,0x000000325f000000)]
  0x000001c69d0d3800 JavaThread "Driver Service Executor" daemon [_thread_in_native, id=14836, stack(0x000000325f000000,0x000000325f100000)]
  0x000001c69d108800 JavaThread "UrlChecker-2" daemon [_thread_blocked, id=47072, stack(0x000000325f100000,0x000000325f200000)]
  0x000001c69d297000 JavaThread "pool-1-thread-1" [_thread_blocked, id=33284, stack(0x000000325f400000,0x000000325f500000)]
  0x000001c69d1f5800 JavaThread "pool-1-thread-2" [_thread_blocked, id=22180, stack(0x000000325f500000,0x000000325f600000)]
  0x000001c69d105800 JavaThread "pool-1-thread-3" [_thread_blocked, id=61268, stack(0x000000325f600000,0x000000325f700000)]
  0x000001c69d106800 JavaThread "HttpClient-2-SelectorManager" daemon [_thread_in_native, id=24696, stack(0x000000325f700000,0x000000325f800000)]
  0x000001c69d105000 JavaThread "pool-2-thread-1" [_thread_blocked, id=66344, stack(0x000000325f800000,0x000000325f900000)]
  0x000001c69d104000 JavaThread "pool-2-thread-2" [_thread_blocked, id=13352, stack(0x000000325f900000,0x000000325fa00000)]
  0x000001c69e950000 JavaThread "pool-2-thread-3" [_thread_blocked, id=24724, stack(0x000000325fa00000,0x000000325fb00000)]

Other Threads:
  0x000001c69bd94000 VMThread "VM Thread" [stack: 0x000000325de00000,0x000000325df00000] [id=23260]
  0x000001c69bf8e800 WatcherThread [stack: 0x000000325e700000,0x000000325e800000] [id=66476]
  0x000001c6824b2800 GCTaskThread "GC Thread#0" [stack: 0x000000325d900000,0x000000325da00000] [id=48000]
  0x000001c69cf03800 GCTaskThread "GC Thread#1" [stack: 0x000000325eb00000,0x000000325ec00000] [id=42416]
  0x000001c69cf04800 GCTaskThread "GC Thread#2" [stack: 0x000000325ec00000,0x000000325ed00000] [id=33788]
  0x000001c69ca7c800 GCTaskThread "GC Thread#3" [stack: 0x000000325fb00000,0x000000325fc00000] [id=23312]
  0x000001c69ea8c800 GCTaskThread "GC Thread#4" [stack: 0x000000325fc00000,0x000000325fd00000] [id=12028]
  0x000001c69ce56800 GCTaskThread "GC Thread#5" [stack: 0x000000325fd00000,0x000000325fe00000] [id=16236]
  0x000001c69d5c8000 GCTaskThread "GC Thread#6" [stack: 0x000000325fe00000,0x000000325ff00000] [id=61144]
  0x000001c69d5c8800 GCTaskThread "GC Thread#7" [stack: 0x000000325ff00000,0x0000003260000000] [id=62040]
  0x000001c6824e3000 ConcurrentGCThread "G1 Main Marker" [stack: 0x000000325da00000,0x000000325db00000] [id=54180]
  0x000001c6824e5000 ConcurrentGCThread "G1 Conc#0" [stack: 0x000000325db00000,0x000000325dc00000] [id=50240]
  0x000001c69cff9000 ConcurrentGCThread "G1 Conc#1" [stack: 0x0000003260000000,0x0000003260100000] [id=33864]
  0x000001c69b1ea000 ConcurrentGCThread "G1 Refine#0" [stack: 0x000000325dc00000,0x000000325dd00000] [id=49320]
  0x000001c69b1eb000 ConcurrentGCThread "G1 Young RemSet Sampling" [stack: 0x000000325dd00000,0x000000325de00000] [id=50600]

Threads with active compile tasks:
C2 CompilerThread0   9052 2181       4       org.apache.xmlbeans.impl.util.LongUTFDataInputStream::readLongUTF (411 bytes)
C1 CompilerThread0   9052 2307 %     3       org.apache.xmlbeans.impl.common.XMLChar::<clinit> @ 4485 (4917 bytes)

VM state:not at safepoint (normal execution)

VM Mutex/Monitor currently owned by a thread: None

Heap address: 0x0000000083200000, size: 1998 MB, Compressed Oops mode: 32-bit
Narrow klass base: 0x0000000000000000, Narrow klass shift: 3
Compressed class space size: 1073741824 Address: 0x0000000100000000

Heap:
 garbage-first heap   total 129024K, used 22590K [0x0000000083200000, 0x0000000100000000)
  region size 1024K, 10 young (10240K), 3 survivors (3072K)
 Metaspace       used 27935K, capacity 29049K, committed 29312K, reserved 1075200K
  class space    used 3412K, capacity 3914K, committed 3968K, reserved 1048576K
Heap Regions: E=young(eden), S=young(survivor), O=old, HS=humongous(starts), HC=humongous(continues), CS=collection set, F=free, A=archive, TAMS=top-at-mark-start (previous, next)
|   0|0x0000000083200000, 0x0000000083300000, 0x0000000083300000|100%|HS|  |TAMS 0x0000000083300000, 0x0000000083200000| Complete 
|   1|0x0000000083300000, 0x0000000083400000, 0x0000000083400000|100%|HS|  |TAMS 0x0000000083400000, 0x0000000083300000| Complete 
|   2|0x0000000083400000, 0x0000000083500000, 0x0000000083500000|100%|HC|  |TAMS 0x0000000083500000, 0x0000000083400000| Complete 
|   3|0x0000000083500000, 0x0000000083600000, 0x0000000083600000|100%| O|  |TAMS 0x0000000083500000, 0x0000000083500000| Untracked 
|   4|0x0000000083600000, 0x0000000083700000, 0x0000000083700000|100%| O|  |TAMS 0x0000000083700000, 0x0000000083600000| Untracked 
|   5|0x0000000083700000, 0x0000000083800000, 0x0000000083800000|100%| O|  |TAMS 0x0000000083800000, 0x0000000083700000| Untracked 
|   6|0x0000000083800000, 0x0000000083900000, 0x0000000083900000|100%| O|  |TAMS 0x0000000083900000, 0x0000000083800000| Untracked 
|   7|0x0000000083900000, 0x0000000083a00000, 0x0000000083a00000|100%| O|  |TAMS 0x0000000083a00000, 0x0000000083900000| Untracked 
|   8|0x0000000083a00000, 0x0000000083b00000, 0x0000000083b00000|100%| O|  |TAMS 0x0000000083a4be00, 0x0000000083a00000| Untracked 
|   9|0x0000000083b00000, 0x0000000083c00000, 0x0000000083c00000|100%| O|  |TAMS 0x0000000083b00000, 0x0000000083b00000| Untracked 
|  10|0x0000000083c00000, 0x0000000083d00000, 0x0000000083d00000|100%| O|  |TAMS 0x0000000083c00000, 0x0000000083c00000| Untracked 
|  11|0x0000000083d00000, 0x0000000083e00000, 0x0000000083e00000|100%| O|  |TAMS 0x0000000083d00000, 0x0000000083d00000| Untracked 
|  12|0x0000000083e00000, 0x0000000083f00000, 0x0000000083f00000|100%| O|  |TAMS 0x0000000083e00000, 0x0000000083e00000| Untracked 
|  13|0x0000000083f00000, 0x0000000083f33800, 0x0000000084000000| 20%| O|  |TAMS 0x0000000083f00000, 0x0000000083f00000| Untracked 
|  14|0x0000000084000000, 0x0000000084000000, 0x0000000084100000|  0%| F|  |TAMS 0x0000000084000000, 0x0000000084000000| Untracked 
|  15|0x0000000084100000, 0x0000000084100000, 0x0000000084200000|  0%| F|  |TAMS 0x0000000084100000, 0x0000000084100000| Untracked 
|  16|0x0000000084200000, 0x0000000084200000, 0x0000000084300000|  0%| F|  |TAMS 0x0000000084200000, 0x0000000084200000| Untracked 
|  17|0x0000000084300000, 0x0000000084300000, 0x0000000084400000|  0%| F|  |TAMS 0x0000000084300000, 0x0000000084300000| Untracked 
|  18|0x0000000084400000, 0x0000000084400000, 0x0000000084500000|  0%| F|  |TAMS 0x0000000084400000, 0x0000000084400000| Untracked 
|  19|0x0000000084500000, 0x0000000084500000, 0x0000000084600000|  0%| F|  |TAMS 0x0000000084500000, 0x0000000084500000| Untracked 
|  20|0x0000000084600000, 0x0000000084600000, 0x0000000084700000|  0%| F|  |TAMS 0x0000000084600000, 0x0000000084600000| Untracked 
|  21|0x0000000084700000, 0x0000000084700000, 0x0000000084800000|  0%| F|  |TAMS 0x0000000084700000, 0x0000000084700000| Untracked 
|  22|0x0000000084800000, 0x0000000084800000, 0x0000000084900000|  0%| F|  |TAMS 0x0000000084800000, 0x0000000084800000| Untracked 
|  23|0x0000000084900000, 0x0000000084900000, 0x0000000084a00000|  0%| F|  |TAMS 0x0000000084900000, 0x0000000084900000| Untracked 
|  24|0x0000000084a00000, 0x0000000084a00000, 0x0000000084b00000|  0%| F|  |TAMS 0x0000000084a00000, 0x0000000084a00000| Untracked 
|  25|0x0000000084b00000, 0x0000000084b00000, 0x0000000084c00000|  0%| F|  |TAMS 0x0000000084b00000, 0x0000000084b00000| Untracked 
|  26|0x0000000084c00000, 0x0000000084c00000, 0x0000000084d00000|  0%| F|  |TAMS 0x0000000084c00000, 0x0000000084c00000| Untracked 
|  27|0x0000000084d00000, 0x0000000084d00000, 0x0000000084e00000|  0%| F|  |TAMS 0x0000000084d00000, 0x0000000084d00000| Untracked 
|  28|0x0000000084e00000, 0x0000000084e00000, 0x0000000084f00000|  0%| F|  |TAMS 0x0000000084e00000, 0x0000000084e00000| Untracked 
|  29|0x0000000084f00000, 0x0000000084f00000, 0x0000000085000000|  0%| F|  |TAMS 0x0000000084f00000, 0x0000000084f00000| Untracked 
|  30|0x0000000085000000, 0x0000000085000000, 0x0000000085100000|  0%| F|  |TAMS 0x0000000085000000, 0x0000000085000000| Untracked 
|  31|0x0000000085100000, 0x0000000085100000, 0x0000000085200000|  0%| F|  |TAMS 0x0000000085100000, 0x0000000085100000| Untracked 
|  32|0x0000000085200000, 0x0000000085200000, 0x0000000085300000|  0%| F|  |TAMS 0x0000000085200000, 0x0000000085200000| Untracked 
|  33|0x0000000085300000, 0x0000000085300000, 0x0000000085400000|  0%| F|  |TAMS 0x0000000085300000, 0x0000000085300000| Untracked 
|  34|0x0000000085400000, 0x0000000085400000, 0x0000000085500000|  0%| F|  |TAMS 0x0000000085400000, 0x0000000085400000| Untracked 
|  35|0x0000000085500000, 0x0000000085500000, 0x0000000085600000|  0%| F|  |TAMS 0x0000000085500000, 0x0000000085500000| Untracked 
|  36|0x0000000085600000, 0x0000000085600000, 0x0000000085700000|  0%| F|  |TAMS 0x0000000085600000, 0x0000000085600000| Untracked 
|  37|0x0000000085700000, 0x0000000085700000, 0x0000000085800000|  0%| F|  |TAMS 0x0000000085700000, 0x0000000085700000| Untracked 
|  38|0x0000000085800000, 0x0000000085800000, 0x0000000085900000|  0%| F|  |TAMS 0x0000000085800000, 0x0000000085800000| Untracked 
|  39|0x0000000085900000, 0x0000000085900000, 0x0000000085a00000|  0%| F|  |TAMS 0x0000000085900000, 0x0000000085900000| Untracked 
|  40|0x0000000085a00000, 0x0000000085a00000, 0x0000000085b00000|  0%| F|  |TAMS 0x0000000085a00000, 0x0000000085a00000| Untracked 
|  41|0x0000000085b00000, 0x0000000085b00000, 0x0000000085c00000|  0%| F|  |TAMS 0x0000000085b00000, 0x0000000085b00000| Untracked 
|  42|0x0000000085c00000, 0x0000000085c00000, 0x0000000085d00000|  0%| F|  |TAMS 0x0000000085c00000, 0x0000000085c00000| Untracked 
|  43|0x0000000085d00000, 0x0000000085d00000, 0x0000000085e00000|  0%| F|  |TAMS 0x0000000085d00000, 0x0000000085d00000| Untracked 
|  44|0x0000000085e00000, 0x0000000085e00000, 0x0000000085f00000|  0%| F|  |TAMS 0x0000000085e00000, 0x0000000085e00000| Untracked 
|  45|0x0000000085f00000, 0x0000000085f00000, 0x0000000086000000|  0%| F|  |TAMS 0x0000000085f00000, 0x0000000085f00000| Untracked 
|  46|0x0000000086000000, 0x0000000086000000, 0x0000000086100000|  0%| F|  |TAMS 0x0000000086000000, 0x0000000086000000| Untracked 
|  47|0x0000000086100000, 0x0000000086100000, 0x0000000086200000|  0%| F|  |TAMS 0x0000000086100000, 0x0000000086100000| Untracked 
|  48|0x0000000086200000, 0x0000000086200000, 0x0000000086300000|  0%| F|  |TAMS 0x0000000086200000, 0x0000000086200000| Untracked 
|  49|0x0000000086300000, 0x0000000086300000, 0x0000000086400000|  0%| F|  |TAMS 0x0000000086300000, 0x0000000086300000| Untracked 
|  50|0x0000000086400000, 0x0000000086400000, 0x0000000086500000|  0%| F|  |TAMS 0x0000000086400000, 0x0000000086400000| Untracked 
|  51|0x0000000086500000, 0x0000000086500000, 0x0000000086600000|  0%| F|  |TAMS 0x0000000086500000, 0x0000000086500000| Untracked 
|  52|0x0000000086600000, 0x0000000086600000, 0x0000000086700000|  0%| F|  |TAMS 0x0000000086600000, 0x0000000086600000| Untracked 
|  53|0x0000000086700000, 0x0000000086700000, 0x0000000086800000|  0%| F|  |TAMS 0x0000000086700000, 0x0000000086700000| Untracked 
|  54|0x0000000086800000, 0x0000000086800000, 0x0000000086900000|  0%| F|  |TAMS 0x0000000086800000, 0x0000000086800000| Untracked 
|  55|0x0000000086900000, 0x0000000086900000, 0x0000000086a00000|  0%| F|  |TAMS 0x0000000086900000, 0x0000000086900000| Untracked 
|  56|0x0000000086a00000, 0x0000000086a00000, 0x0000000086b00000|  0%| F|  |TAMS 0x0000000086a00000, 0x0000000086a00000| Untracked 
|  57|0x0000000086b00000, 0x0000000086b00000, 0x0000000086c00000|  0%| F|  |TAMS 0x0000000086b00000, 0x0000000086b00000| Untracked 
|  58|0x0000000086c00000, 0x0000000086c00000, 0x0000000086d00000|  0%| F|  |TAMS 0x0000000086c00000, 0x0000000086c00000| Untracked 
|  59|0x0000000086d00000, 0x0000000086d00000, 0x0000000086e00000|  0%| F|  |TAMS 0x0000000086d00000, 0x0000000086d00000| Untracked 
|  60|0x0000000086e00000, 0x0000000086e00000, 0x0000000086f00000|  0%| F|  |TAMS 0x0000000086e00000, 0x0000000086e00000| Untracked 
|  61|0x0000000086f00000, 0x0000000086f00000, 0x0000000087000000|  0%| F|  |TAMS 0x0000000086f00000, 0x0000000086f00000| Untracked 
|  62|0x0000000087000000, 0x0000000087000000, 0x0000000087100000|  0%| F|  |TAMS 0x0000000087000000, 0x0000000087000000| Untracked 
|  63|0x0000000087100000, 0x0000000087100000, 0x0000000087200000|  0%| F|  |TAMS 0x0000000087100000, 0x0000000087100000| Untracked 
|  64|0x0000000087200000, 0x0000000087200000, 0x0000000087300000|  0%| F|  |TAMS 0x0000000087200000, 0x0000000087200000| Untracked 
|  65|0x0000000087300000, 0x0000000087300000, 0x0000000087400000|  0%| F|  |TAMS 0x0000000087300000, 0x0000000087300000| Untracked 
|  66|0x0000000087400000, 0x0000000087400000, 0x0000000087500000|  0%| F|  |TAMS 0x0000000087400000, 0x0000000087400000| Untracked 
|  67|0x0000000087500000, 0x0000000087500000, 0x0000000087600000|  0%| F|  |TAMS 0x0000000087500000, 0x0000000087500000| Untracked 
|  68|0x0000000087600000, 0x00000000876dc0a0, 0x0000000087700000| 85%| S|CS|TAMS 0x0000000087600000, 0x0000000087600000| Complete 
|  69|0x0000000087700000, 0x0000000087800000, 0x0000000087800000|100%| S|CS|TAMS 0x0000000087700000, 0x0000000087700000| Complete 
|  70|0x0000000087800000, 0x0000000087900000, 0x0000000087900000|100%| S|CS|TAMS 0x0000000087800000, 0x0000000087800000| Complete 
|  71|0x0000000087900000, 0x0000000087900000, 0x0000000087a00000|  0%| F|  |TAMS 0x0000000087900000, 0x0000000087900000| Untracked 
|  72|0x0000000087a00000, 0x0000000087a00000, 0x0000000087b00000|  0%| F|  |TAMS 0x0000000087a00000, 0x0000000087a00000| Untracked 
|  73|0x0000000087b00000, 0x0000000087b00000, 0x0000000087c00000|  0%| F|  |TAMS 0x0000000087b00000, 0x0000000087b00000| Untracked 
|  74|0x0000000087c00000, 0x0000000087c00000, 0x0000000087d00000|  0%| F|  |TAMS 0x0000000087c00000, 0x0000000087c00000| Untracked 
|  75|0x0000000087d00000, 0x0000000087d00000, 0x0000000087e00000|  0%| F|  |TAMS 0x0000000087d00000, 0x0000000087d00000| Untracked 
|  76|0x0000000087e00000, 0x0000000087e00000, 0x0000000087f00000|  0%| F|  |TAMS 0x0000000087e00000, 0x0000000087e00000| Untracked 
|  77|0x0000000087f00000, 0x0000000087f00000, 0x0000000088000000|  0%| F|  |TAMS 0x0000000087f00000, 0x0000000087f00000| Untracked 
|  78|0x0000000088000000, 0x0000000088000000, 0x0000000088100000|  0%| F|  |TAMS 0x0000000088000000, 0x0000000088000000| Untracked 
|  79|0x0000000088100000, 0x0000000088100000, 0x0000000088200000|  0%| F|  |TAMS 0x0000000088100000, 0x0000000088100000| Untracked 
|  80|0x0000000088200000, 0x0000000088200000, 0x0000000088300000|  0%| F|  |TAMS 0x0000000088200000, 0x0000000088200000| Untracked 
|  81|0x0000000088300000, 0x0000000088300000, 0x0000000088400000|  0%| F|  |TAMS 0x0000000088300000, 0x0000000088300000| Untracked 
|  82|0x0000000088400000, 0x0000000088400000, 0x0000000088500000|  0%| F|  |TAMS 0x0000000088400000, 0x0000000088400000| Untracked 
|  83|0x0000000088500000, 0x0000000088500000, 0x0000000088600000|  0%| F|  |TAMS 0x0000000088500000, 0x0000000088500000| Untracked 
|  84|0x0000000088600000, 0x0000000088600000, 0x0000000088700000|  0%| F|  |TAMS 0x0000000088600000, 0x0000000088600000| Untracked 
|  85|0x0000000088700000, 0x0000000088700000, 0x0000000088800000|  0%| F|  |TAMS 0x0000000088700000, 0x0000000088700000| Untracked 
|  86|0x0000000088800000, 0x0000000088800000, 0x0000000088900000|  0%| F|  |TAMS 0x0000000088800000, 0x0000000088800000| Untracked 
|  87|0x0000000088900000, 0x0000000088900000, 0x0000000088a00000|  0%| F|  |TAMS 0x0000000088900000, 0x0000000088900000| Untracked 
|  88|0x0000000088a00000, 0x0000000088a00000, 0x0000000088b00000|  0%| F|  |TAMS 0x0000000088a00000, 0x0000000088a00000| Untracked 
|  89|0x0000000088b00000, 0x0000000088b00000, 0x0000000088c00000|  0%| F|  |TAMS 0x0000000088b00000, 0x0000000088b00000| Untracked 
|  90|0x0000000088c00000, 0x0000000088c00000, 0x0000000088d00000|  0%| F|  |TAMS 0x0000000088c00000, 0x0000000088c00000| Untracked 
|  91|0x0000000088d00000, 0x0000000088d00000, 0x0000000088e00000|  0%| F|  |TAMS 0x0000000088d00000, 0x0000000088d00000| Untracked 
|  92|0x0000000088e00000, 0x0000000088e00000, 0x0000000088f00000|  0%| F|  |TAMS 0x0000000088e00000, 0x0000000088e00000| Untracked 
|  93|0x0000000088f00000, 0x0000000088f00000, 0x0000000089000000|  0%| F|  |TAMS 0x0000000088f00000, 0x0000000088f00000| Untracked 
|  94|0x0000000089000000, 0x0000000089000000, 0x0000000089100000|  0%| F|  |TAMS 0x0000000089000000, 0x0000000089000000| Untracked 
|  95|0x0000000089100000, 0x0000000089100000, 0x0000000089200000|  0%| F|  |TAMS 0x0000000089100000, 0x0000000089100000| Untracked 
|  96|0x0000000089200000, 0x0000000089200000, 0x0000000089300000|  0%| F|  |TAMS 0x0000000089200000, 0x0000000089200000| Untracked 
|  97|0x0000000089300000, 0x0000000089300000, 0x0000000089400000|  0%| F|  |TAMS 0x0000000089300000, 0x0000000089300000| Untracked 
|  98|0x0000000089400000, 0x0000000089400000, 0x0000000089500000|  0%| F|  |TAMS 0x0000000089400000, 0x0000000089400000| Untracked 
|  99|0x0000000089500000, 0x0000000089500000, 0x0000000089600000|  0%| F|  |TAMS 0x0000000089500000, 0x0000000089500000| Untracked 
| 100|0x0000000089600000, 0x0000000089600000, 0x0000000089700000|  0%| F|  |TAMS 0x0000000089600000, 0x0000000089600000| Untracked 
| 101|0x0000000089700000, 0x0000000089700000, 0x0000000089800000|  0%| F|  |TAMS 0x0000000089700000, 0x0000000089700000| Untracked 
| 102|0x0000000089800000, 0x0000000089800000, 0x0000000089900000|  0%| F|  |TAMS 0x0000000089800000, 0x0000000089800000| Untracked 
| 103|0x0000000089900000, 0x0000000089900000, 0x0000000089a00000|  0%| F|  |TAMS 0x0000000089900000, 0x0000000089900000| Untracked 
| 104|0x0000000089a00000, 0x0000000089a00000, 0x0000000089b00000|  0%| F|  |TAMS 0x0000000089a00000, 0x0000000089a00000| Untracked 
| 105|0x0000000089b00000, 0x0000000089b00000, 0x0000000089c00000|  0%| F|  |TAMS 0x0000000089b00000, 0x0000000089b00000| Untracked 
| 106|0x0000000089c00000, 0x0000000089c00000, 0x0000000089d00000|  0%| F|  |TAMS 0x0000000089c00000, 0x0000000089c00000| Untracked 
| 107|0x0000000089d00000, 0x0000000089d00000, 0x0000000089e00000|  0%| F|  |TAMS 0x0000000089d00000, 0x0000000089d00000| Untracked 
| 108|0x0000000089e00000, 0x0000000089e00000, 0x0000000089f00000|  0%| F|  |TAMS 0x0000000089e00000, 0x0000000089e00000| Untracked 
| 109|0x0000000089f00000, 0x0000000089f00000, 0x000000008a000000|  0%| F|  |TAMS 0x0000000089f00000, 0x0000000089f00000| Untracked 
| 110|0x000000008a000000, 0x000000008a000000, 0x000000008a100000|  0%| F|  |TAMS 0x000000008a000000, 0x000000008a000000| Untracked 
| 111|0x000000008a100000, 0x000000008a100000, 0x000000008a200000|  0%| F|  |TAMS 0x000000008a100000, 0x000000008a100000| Untracked 
| 112|0x000000008a200000, 0x000000008a200000, 0x000000008a300000|  0%| F|  |TAMS 0x000000008a200000, 0x000000008a200000| Untracked 
| 113|0x000000008a300000, 0x000000008a300000, 0x000000008a400000|  0%| F|  |TAMS 0x000000008a300000, 0x000000008a300000| Untracked 
| 114|0x000000008a400000, 0x000000008a400000, 0x000000008a500000|  0%| F|  |TAMS 0x000000008a400000, 0x000000008a400000| Untracked 
| 115|0x000000008a500000, 0x000000008a500000, 0x000000008a600000|  0%| F|  |TAMS 0x000000008a500000, 0x000000008a500000| Untracked 
| 116|0x000000008a600000, 0x000000008a600000, 0x000000008a700000|  0%| F|  |TAMS 0x000000008a600000, 0x000000008a600000| Untracked 
| 117|0x000000008a700000, 0x000000008a700000, 0x000000008a800000|  0%| F|  |TAMS 0x000000008a700000, 0x000000008a700000| Untracked 
| 118|0x000000008a800000, 0x000000008a800000, 0x000000008a900000|  0%| F|  |TAMS 0x000000008a800000, 0x000000008a800000| Untracked 
| 119|0x000000008a900000, 0x000000008a9826b0, 0x000000008aa00000| 50%| E|  |TAMS 0x000000008a900000, 0x000000008a900000| Complete 
| 120|0x000000008aa00000, 0x000000008ab00000, 0x000000008ab00000|100%| E|CS|TAMS 0x000000008aa00000, 0x000000008aa00000| Complete 
| 121|0x000000008ab00000, 0x000000008ac00000, 0x000000008ac00000|100%| E|CS|TAMS 0x000000008ab00000, 0x000000008ab00000| Complete 
| 122|0x000000008ac00000, 0x000000008ad00000, 0x000000008ad00000|100%| E|CS|TAMS 0x000000008ac00000, 0x000000008ac00000| Complete 
| 123|0x000000008ad00000, 0x000000008ae00000, 0x000000008ae00000|100%| E|CS|TAMS 0x000000008ad00000, 0x000000008ad00000| Complete 
| 124|0x000000008ae00000, 0x000000008af00000, 0x000000008af00000|100%| E|CS|TAMS 0x000000008ae00000, 0x000000008ae00000| Complete 
| 125|0x000000008af00000, 0x000000008b000000, 0x000000008b000000|100%| E|CS|TAMS 0x000000008af00000, 0x000000008af00000| Complete 

Card table byte_map: [0x000001c6944a0000,0x000001c694890000] _byte_map_base: 0x000001c694087000

Marking Bits (Prev, Next): (CMBitMap*) 0x000001c6824da4a0, (CMBitMap*) 0x000001c6824da468
 Prev Bits: [0x000001c696bc0000, 0x000001c698af8000)
 Next Bits: [0x000001c694c80000, 0x000001c696bb8000)

Polling page: 0x000001c681c00000

Metaspace:

Usage:
  Non-class:     24.55 MB capacity,    23.95 MB ( 98%) used,   494.05 KB (  2%) free+waste,   117.81 KB ( <1%) overhead. 
      Class:      3.82 MB capacity,     3.33 MB ( 87%) used,   438.57 KB ( 11%) free+waste,    63.00 KB (  2%) overhead. 
       Both:     28.37 MB capacity,    27.28 MB ( 96%) used,   932.63 KB (  3%) free+waste,   180.81 KB ( <1%) overhead. 

Virtual space:
  Non-class space:       26.00 MB reserved,      24.75 MB ( 95%) committed 
      Class space:        1.00 GB reserved,       3.88 MB ( <1%) committed 
             Both:        1.03 GB reserved,      28.63 MB (  3%) committed 

Chunk freelists:
   Non-Class:  17.00 KB
       Class:  22.00 KB
        Both:  39.00 KB

MaxMetaspaceSize: 17179869184.00 GB
CompressedClassSpaceSize: 1.00 GB

CodeHeap 'non-profiled nmethods': size=120000Kb used=861Kb max_used=861Kb free=119138Kb
 bounds [0x000001c68c850000, 0x000001c68cac0000, 0x000001c693d80000]
CodeHeap 'profiled nmethods': size=120000Kb used=4907Kb max_used=4907Kb free=115092Kb
 bounds [0x000001c685320000, 0x000001c6857f0000, 0x000001c68c850000]
CodeHeap 'non-nmethods': size=5760Kb used=1192Kb max_used=1212Kb free=4567Kb
 bounds [0x000001c684d80000, 0x000001c684ff0000, 0x000001c685320000]
 total_blobs=2832 nmethods=2291 adapters=452
 compilation: enabled
              stopped_count=0, restarted_count=0
 full_count=0

Compilation events (20 events):
Event: 8.771 Thread 0x000001c69bdf9800 nmethod 2164 0x000001c68c925690 code [0x000001c68c925860, 0x000001c68c925d48]
Event: 8.771 Thread 0x000001c69bdf9800 2181       4       org.apache.xmlbeans.impl.util.LongUTFDataInputStream::readLongUTF (411 bytes)
Event: 8.807 Thread 0x000001c69bdfc800 2187       3       org.apache.xmlbeans.SchemaComponent$Ref::<init> (33 bytes)
Event: 8.807 Thread 0x000001c69bdfc800 nmethod 2187 0x000001c685793890 code [0x000001c685793a40, 0x000001c685793c58]
Event: 8.807 Thread 0x000001c69bdfc800 2188       3       org.apache.xmlbeans.SchemaType$Ref::<init> (7 bytes)
Event: 8.807 Thread 0x000001c69bdfc800 nmethod 2188 0x000001c685793d10 code [0x000001c685793ee0, 0x000001c685794158]
Event: 8.812 Thread 0x000001c69bdfc800 2190       3       org.apache.xmlbeans.SchemaGlobalElement$Ref::<init> (7 bytes)
Event: 8.812 Thread 0x000001c69bdfc800 nmethod 2190 0x000001c685794290 code [0x000001c685794460, 0x000001c6857946d8]
Event: 8.812 Thread 0x000001c69bdfc800 2193       3       org.apache.xmlbeans.impl.schema.XsbReader::readHandle (585 bytes)
Event: 8.814 Thread 0x000001c69bdfc800 nmethod 2193 0x000001c685794810 code [0x000001c685795040, 0x000001c685799ef8]
Event: 8.814 Thread 0x000001c69bdfc800 2194       3       org.apache.xmlbeans.impl.schema.SchemaTypePool::refForHandle (20 bytes)
Event: 8.814 Thread 0x000001c69bdfc800 nmethod 2194 0x000001c68579b690 code [0x000001c68579b860, 0x000001c68579bb68]
Event: 8.814 Thread 0x000001c69bdfc800 2191       3       javax.xml.namespace.QName::<init> (9 bytes)
Event: 8.815 Thread 0x000001c69bdfc800 nmethod 2191 0x000001c68579bc90 code [0x000001c68579be40, 0x000001c68579bf68]
Event: 8.815 Thread 0x000001c69bdfc800 2192       3       javax.xml.namespace.QName::<init> (61 bytes)
Event: 8.815 Thread 0x000001c69bdfc800 nmethod 2192 0x000001c68579c010 code [0x000001c68579c200, 0x000001c68579c738]
Event: 8.815 Thread 0x000001c69bdfc800 2195       3       javax.xml.namespace.QName::hashCode (16 bytes)
Event: 8.815 Thread 0x000001c69bdfc800 nmethod 2195 0x000001c68579c890 code [0x000001c68579ca60, 0x000001c68579cbf8]
Event: 8.815 Thread 0x000001c69bdfc800 2196       3       org.apache.xmlbeans.impl.schema.XsbReader::readQName (26 bytes)
Event: 8.815 Thread 0x000001c69bdfc800 nmethod 2196 0x000001c68579cd10 code [0x000001c68579cf60, 0x000001c68579d7e8]

GC Heap History (6 events):
Event: 1.249 GC heap before
{Heap before GC invocations=0 (full 0):
 garbage-first heap   total 129024K, used 27648K [0x0000000083200000, 0x0000000100000000)
  region size 1024K, 24 young (24576K), 0 survivors (0K)
 Metaspace       used 10704K, capacity 11009K, committed 11136K, reserved 1058816K
  class space    used 1204K, capacity 1317K, committed 1408K, reserved 1048576K
}
Event: 1.255 GC heap after
{Heap after GC invocations=1 (full 0):
 garbage-first heap   total 129024K, used 10543K [0x0000000083200000, 0x0000000100000000)
  region size 1024K, 3 young (3072K), 3 survivors (3072K)
 Metaspace       used 10704K, capacity 11009K, committed 11136K, reserved 1058816K
  class space    used 1204K, capacity 1317K, committed 1408K, reserved 1048576K
}
Event: 8.035 GC heap before
{Heap before GC invocations=1 (full 0):
 garbage-first heap   total 129024K, used 53551K [0x0000000083200000, 0x0000000100000000)
  region size 1024K, 47 young (48128K), 3 survivors (3072K)
 Metaspace       used 20301K, capacity 21146K, committed 21248K, reserved 1067008K
  class space    used 2422K, capacity 2776K, committed 2816K, reserved 1048576K
}
Event: 8.044 GC heap after
{Heap after GC invocations=2 (full 0):
 garbage-first heap   total 129024K, used 14003K [0x0000000083200000, 0x0000000100000000)
  region size 1024K, 7 young (7168K), 7 survivors (7168K)
 Metaspace       used 20301K, capacity 21146K, committed 21248K, reserved 1067008K
  class space    used 2422K, capacity 2776K, committed 2816K, reserved 1048576K
}
Event: 8.644 GC heap before
{Heap before GC invocations=3 (full 0):
 garbage-first heap   total 129024K, used 46771K [0x0000000083200000, 0x0000000100000000)
  region size 1024K, 39 young (39936K), 7 survivors (7168K)
 Metaspace       used 25392K, capacity 26452K, committed 26624K, reserved 1073152K
  class space    used 3091K, capacity 3561K, committed 3584K, reserved 1048576K
}
Event: 8.649 GC heap after
{Heap after GC invocations=4 (full 0):
 garbage-first heap   total 129024K, used 14979K [0x0000000083200000, 0x0000000100000000)
  region size 1024K, 2 young (2048K), 2 survivors (2048K)
 Metaspace       used 25392K, capacity 26452K, committed 26624K, reserved 1073152K
  class space    used 3091K, capacity 3561K, committed 3584K, reserved 1048576K
}

Deoptimization events (20 events):
Event: 8.406 Thread 0x000001c68249b000 Uncommon trap: trap_request=0xffffff4d fr.pc=0x000001c68c888338 relative=0x0000000000000098
Event: 8.406 Thread 0x000001c68249b000 Uncommon trap: reason=unstable_if action=reinterpret pc=0x000001c68c888338 method=java.lang.CharacterDataLatin1.digit(II)I @ 7 c2
Event: 8.406 Thread 0x000001c68249b000 DEOPT PACKING pc=0x000001c68c888338 sp=0x000000325d8fe930
Event: 8.406 Thread 0x000001c68249b000 DEOPT UNPACKING pc=0x000001c684d883af sp=0x000000325d8fe8b0 mode 2
Event: 8.406 Thread 0x000001c68249b000 Uncommon trap: trap_request=0xffffff4d fr.pc=0x000001c68c856454 relative=0x0000000000000034
Event: 8.406 Thread 0x000001c68249b000 Uncommon trap: reason=unstable_if action=reinterpret pc=0x000001c68c856454 method=java.lang.StringLatin1.canEncode(I)Z @ 4 c2
Event: 8.406 Thread 0x000001c68249b000 DEOPT PACKING pc=0x000001c68c856454 sp=0x000000325d8feac0
Event: 8.406 Thread 0x000001c68249b000 DEOPT UNPACKING pc=0x000001c684d883af sp=0x000000325d8fea50 mode 2
Event: 8.656 Thread 0x000001c68249b000 Uncommon trap: trap_request=0xffffff4d fr.pc=0x000001c68c8ca294 relative=0x00000000000000d4
Event: 8.656 Thread 0x000001c68249b000 Uncommon trap: reason=unstable_if action=reinterpret pc=0x000001c68c8ca294 method=java.util.HashMap.hash(Ljava/lang/Object;)I @ 1 c2
Event: 8.656 Thread 0x000001c68249b000 DEOPT PACKING pc=0x000001c68c8ca294 sp=0x000000325d8fbca0
Event: 8.656 Thread 0x000001c68249b000 DEOPT UNPACKING pc=0x000001c684d883af sp=0x000000325d8fbbe0 mode 2
Event: 8.703 Thread 0x000001c68249b000 Uncommon trap: trap_request=0xffffff4d fr.pc=0x000001c68c8fb8bc relative=0x000000000000009c
Event: 8.703 Thread 0x000001c68249b000 Uncommon trap: reason=unstable_if action=reinterpret pc=0x000001c68c8fb8bc method=java.nio.Buffer.position(I)Ljava/nio/Buffer; @ 37 c2
Event: 8.703 Thread 0x000001c68249b000 DEOPT PACKING pc=0x000001c68c8fb8bc sp=0x000000325d8fa1d0
Event: 8.703 Thread 0x000001c68249b000 DEOPT UNPACKING pc=0x000001c684d883af sp=0x000000325d8fa158 mode 2
Event: 8.749 Thread 0x000001c68249b000 Uncommon trap: trap_request=0xffffffcc fr.pc=0x000001c68c917ff8 relative=0x00000000000002b8
Event: 8.749 Thread 0x000001c68249b000 Uncommon trap: reason=intrinsic_or_type_checked_inlining action=make_not_entrant pc=0x000001c68c917ff8 method=java.util.Arrays.copyOf([Ljava/lang/Object;ILjava/lang/Class;)[Ljava/lang/Object; @ 36 c2
Event: 8.749 Thread 0x000001c68249b000 DEOPT PACKING pc=0x000001c68c917ff8 sp=0x000000325d8fb270
Event: 8.750 Thread 0x000001c68249b000 DEOPT UNPACKING pc=0x000001c684d883af sp=0x000000325d8fb218 mode 2

Classes redefined (0 events):
No events

Internal exceptions (20 events):
Event: 7.889 Thread 0x000001c68249b000 Exception <a 'java/lang/ClassNotFoundException'{0x00000000885bbd28}: sun/util/logging/resources/spi/loggingProvider> (0x00000000885bbd28) thrown at [./src/hotspot/share/classfile/systemDictionary.cpp, line 231]
Event: 8.082 Thread 0x000001c68249b000 Implicit null exception at 0x000001c68c8e484f to 0x000001c68c8e4cc4
Event: 8.085 Thread 0x000001c68249b000 Exception <a 'java/lang/NoSuchMethodError'{0x000000008ad4fad0}: 'void java.lang.invoke.DelegatingMethodHandle$Holder.delegate(java.lang.Object, java.lang.Object, int, java.lang.Object)'> (0x000000008ad4fad0) thrown at [./src/hotspot/share/interpreter/linkResolver.cpp, line 773]
Event: 8.087 Thread 0x000001c68249b000 Exception <a 'java/lang/NoSuchMethodError'{0x000000008ad57000}: 'java.lang.Object java.lang.invoke.DirectMethodHandle$Holder.invokeStaticInit(java.lang.Object, java.lang.Object, java.lang.Object)'> (0x000000008ad57000) thrown at [./src/hotspot/share/interpreter/linkResolver.cpp, line 773]
Event: 8.088 Thread 0x000001c68249b000 Exception <a 'java/lang/NoSuchMethodError'{0x000000008ad61158}: 'java.lang.Object java.lang.invoke.Invokers$Holder.invokeExact_MT(java.lang.Object, java.lang.Object, java.lang.Object)'> (0x000000008ad61158) thrown at [./src/hotspot/share/interpreter/linkResolver.cpp, line 773]
Event: 8.089 Thread 0x000001c68249b000 Exception <a 'java/lang/NoSuchMethodError'{0x000000008ad651c8}: 'java.lang.Object java.lang.invoke.DirectMethodHandle$Holder.invokeStatic(java.lang.Object, int, java.lang.Object, java.lang.Object)'> (0x000000008ad651c8) thrown at [./src/hotspot/share/interpreter/linkResolver.cpp, line 773]
Event: 8.096 Thread 0x000001c68249b000 Exception <a 'java/lang/IncompatibleClassChangeError'{0x000000008adb6038}: Found class java.lang.Object, but interface was expected> (0x000000008adb6038) thrown at [./src/hotspot/share/interpreter/linkResolver.cpp, line 839]
Event: 8.292 Thread 0x000001c68249b000 Exception <a 'java/lang/NoSuchMethodError'{0x000000008a042b00}: 'java.lang.Object java.lang.invoke.DirectMethodHandle$Holder.invokeSpecial(java.lang.Object, java.lang.Object, int, int, java.lang.Object, java.lang.Object, java.lang.Object)'> (0x000000008a042b00) thrown at [./src/hotspot/share/interpreter/linkResolver.cpp, line 773]
Event: 8.292 Thread 0x000001c68249b000 Exception <a 'java/lang/NoSuchMethodError'{0x000000008a046090}: 'java.lang.Object java.lang.invoke.DelegatingMethodHandle$Holder.reinvoke_L(java.lang.Object, int, int, java.lang.Object, java.lang.Object, java.lang.Object)'> (0x000000008a046090) thrown at [./src/hotspot/share/interpreter/linkResolver.cpp, line 773]
Event: 8.293 Thread 0x000001c68249b000 Exception <a 'java/lang/NoSuchMethodError'{0x000000008a049f68}: 'java.lang.Object java.lang.invoke.DirectMethodHandle$Holder.invokeStatic(java.lang.Object, java.lang.Object, java.lang.Object, java.lang.Object, int)'> (0x000000008a049f68) thrown at [./src/hotspot/share/interpreter/linkResolver.cpp, line 773]
Event: 8.301 Thread 0x000001c68249b000 Exception <a 'java/lang/NoSuchMethodError'{0x000000008a0cc088}: 'void java.lang.invoke.DirectMethodHandle$Holder.invokeVirtual(java.lang.Object, java.lang.Object, java.lang.Object, java.lang.Object)'> (0x000000008a0cc088) thrown at [./src/hotspot/share/interpreter/linkResolver.cpp, line 773]
Event: 8.338 Thread 0x000001c68249b000 Exception <a 'java/lang/NoSuchMethodError'{0x0000000089f22090}: 'void java.lang.invoke.DirectMethodHandle$Holder.invokeStatic(java.lang.Object, java.lang.Object, java.lang.Object, int)'> (0x0000000089f22090) thrown at [./src/hotspot/share/interpreter/linkResolver.cpp, line 773]
Event: 8.338 Thread 0x000001c68249b000 Exception <a 'java/lang/NoSuchMethodError'{0x0000000089f24e48}: 'void java.lang.invoke.DirectMethodHandle$Holder.invokeStaticInit(java.lang.Object, java.lang.Object, java.lang.Object, int)'> (0x0000000089f24e48) thrown at [./src/hotspot/share/interpreter/linkResolver.cpp, line 773]
Event: 8.462 Thread 0x000001c68249b000 Exception <a 'java/lang/NoSuchMethodError'{0x0000000089b59d50}: 'java.lang.Object java.lang.invoke.DirectMethodHandle$Holder.invokeStaticInit(java.lang.Object, java.lang.Object, int, int)'> (0x0000000089b59d50) thrown at [./src/hotspot/share/interpreter/linkResolver.cpp, line 773]
Event: 8.600 Thread 0x000001c68249b000 Exception <a 'java/lang/NoSuchMethodError'{0x00000000893bcfa8}: 'java.lang.Object java.lang.invoke.DirectMethodHandle$Holder.newInvokeSpecial(java.lang.Object, java.lang.Object, java.lang.Object)'> (0x00000000893bcfa8) thrown at [./src/hotspot/share/interpreter/linkResolver.cpp, line 773]
Event: 8.656 Thread 0x000001c68249b000 Implicit null exception at 0x000001c68c8ca1f8 to 0x000001c68c8ca28a
Event: 8.738 Thread 0x000001c68249b000 Exception <a 'java/lang/NoSuchMethodError'{0x000000008a97d370}: 'java.lang.Object java.lang.invoke.DirectMethodHandle$Holder.invokeStatic(java.lang.Object, java.lang.Object, int, java.lang.Object)'> (0x000000008a97d370) thrown at [./src/hotspot/share/interpreter/linkResolver.cpp, line 773]
Event: 8.739 Thread 0x000001c68249b000 Exception <a 'java/lang/NoSuchMethodError'{0x000000008a981128}: 'java.lang.Object java.lang.invoke.DirectMethodHandle$Holder.invokeSpecial(java.lang.Object, java.lang.Object, java.lang.Object, int, java.lang.Object)'> (0x000000008a981128) thrown at [./src/hotspot/share/interpreter/linkResolver.cpp, line 773]
Event: 8.739 Thread 0x000001c68249b000 Exception <a 'java/lang/NoSuchMethodError'{0x000000008a9843d0}: 'java.lang.Object java.lang.invoke.Invokers$Holder.linkToTargetMethod(java.lang.Object, int, java.lang.Object, java.lang.Object)'> (0x000000008a9843d0) thrown at [./src/hotspot/share/interpreter/linkResolver.cpp, line 773]
Event: 8.747 Thread 0x000001c68249b000 Exception <a 'java/lang/NoSuchMethodError'{0x000000008a9e5500}: 'void java.lang.invoke.DirectMethodHandle$Holder.invokeVirtual(java.lang.Object, java.lang.Object)'> (0x000000008a9e5500) thrown at [./src/hotspot/share/interpreter/linkResolver.cpp, line 773]

Events (20 events):
Event: 8.758 loading class schemaorg_apache_xmlbeans/system/sXMLSCHEMA/TypeSystemHolder
Event: 8.758 loading class schemaorg_apache_xmlbeans/system/sXMLSCHEMA/TypeSystemHolder done
Event: 8.759 loading class schemaorg_apache_xmlbeans/system/sXMLTOOLS/TypeSystemHolder
Event: 8.759 loading class schemaorg_apache_xmlbeans/system/sXMLTOOLS/TypeSystemHolder done
Event: 8.760 loading class schemaorg_apache_xmlbeans/system/sXMLCONFIG/TypeSystemHolder
Event: 8.760 loading class schemaorg_apache_xmlbeans/system/sXMLCONFIG/TypeSystemHolder done
Event: 8.760 loading class schemaorg_apache_xmlbeans/system/sXMLLANG/TypeSystemHolder
Event: 8.760 loading class schemaorg_apache_xmlbeans/system/sXMLLANG/TypeSystemHolder done
Event: 8.761 loading class schemaorg_apache_xmlbeans/system/sXMLSCHEMA/TypeSystemHolder
Event: 8.761 loading class schemaorg_apache_xmlbeans/system/sXMLSCHEMA/TypeSystemHolder done
Event: 8.761 loading class schemaorg_apache_xmlbeans/system/sXMLTOOLS/TypeSystemHolder
Event: 8.761 loading class schemaorg_apache_xmlbeans/system/sXMLTOOLS/TypeSystemHolder done
Event: 8.762 loading class schemaorg_apache_xmlbeans/system/sXMLCONFIG/TypeSystemHolder
Event: 8.762 loading class schemaorg_apache_xmlbeans/system/sXMLCONFIG/TypeSystemHolder done
Event: 8.763 loading class schemaorg_apache_xmlbeans/system/sXMLLANG/TypeSystemHolder
Event: 8.763 loading class schemaorg_apache_xmlbeans/system/sXMLLANG/TypeSystemHolder done
Event: 8.763 loading class schemaorg_apache_xmlbeans/system/sXMLSCHEMA/TypeSystemHolder
Event: 8.763 loading class schemaorg_apache_xmlbeans/system/sXMLSCHEMA/TypeSystemHolder done
Event: 8.763 loading class schemaorg_apache_xmlbeans/system/sXMLTOOLS/TypeSystemHolder
Event: 8.763 loading class schemaorg_apache_xmlbeans/system/sXMLTOOLS/TypeSystemHolder done


Dynamic libraries:
0x00007ff600580000 - 0x00007ff60058d000 	C:\Program Files\OpenJDK\jre-11.0.11.9-hotspot\bin\javaw.exe
0x00007ff8eb8c0000 - 0x00007ff8ebac9000 	C:\Windows\SYSTEM32\ntdll.dll
0x00007ff8e9f20000 - 0x00007ff8e9fdd000 	C:\Windows\System32\KERNEL32.DLL
0x00007ff8e91a0000 - 0x00007ff8e9524000 	C:\Windows\System32\KERNELBASE.dll
0x00007ff8e95f0000 - 0x00007ff8e9701000 	C:\Windows\System32\ucrtbase.dll
0x00007ff8aed00000 - 0x00007ff8aed17000 	C:\Program Files\OpenJDK\jre-11.0.11.9-hotspot\bin\jli.dll
0x00007ff8ad990000 - 0x00007ff8ad9a5000 	C:\Program Files\OpenJDK\jre-11.0.11.9-hotspot\bin\VCRUNTIME140.dll
0x00007ff8e9fe0000 - 0x00007ff8ea18d000 	C:\Windows\System32\USER32.dll
0x00007ff8e8e40000 - 0x00007ff8e8e66000 	C:\Windows\System32\win32u.dll
0x00007ff8eb3e0000 - 0x00007ff8eb40a000 	C:\Windows\System32\GDI32.dll
0x00007ff8e8f10000 - 0x00007ff8e902e000 	C:\Windows\System32\gdi32full.dll
0x00007ff8e8e70000 - 0x00007ff8e8f0d000 	C:\Windows\System32\msvcp_win.dll
0x00007ff8dc820000 - 0x00007ff8dcac5000 	C:\Windows\WinSxS\amd64_microsoft.windows.common-controls_6595b64144ccf1df_6.0.22000.120_none_9d947278b86cc467\COMCTL32.dll
0x00007ff8e9b50000 - 0x00007ff8e9bf3000 	C:\Windows\System32\msvcrt.dll
0x00007ff8eb260000 - 0x00007ff8eb291000 	C:\Windows\System32\IMM32.DLL
0x00007ff8a3710000 - 0x00007ff8a3912000 	C:\Windows\system32\tmumh\20019\AddOn\8.55.0.1288\TmUmEvt64.dll
0x00007ff8e99a0000 - 0x00007ff8e99a8000 	C:\Windows\System32\PSAPI.DLL
0x00007ff8eb040000 - 0x00007ff8eb0ee000 	C:\Windows\System32\ADVAPI32.dll
0x00007ff8e98a0000 - 0x00007ff8e993e000 	C:\Windows\System32\sechost.dll
0x00007ff8eb2a0000 - 0x00007ff8eb3c1000 	C:\Windows\System32\RPCRT4.dll
0x00000000566d0000 - 0x0000000056867000 	C:\Windows\system32\tmumh\20019\TmMon\2.9.0.1084\tmmon64.dll
0x00007ff84ee10000 - 0x00007ff84f14d000 	C:\Windows\System32\TmLWE\TmUmSnsr64\1.0.0.1127\TmUmSnsr64.dll
0x000000005c110000 - 0x000000005c182000 	C:\Windows\System32\QIPCAP64.dll
0x00007ff8ea190000 - 0x00007ff8ea955000 	C:\Windows\System32\SHELL32.dll
0x00007ff8e76e0000 - 0x00007ff8e77c7000 	C:\Windows\SYSTEM32\DNSAPI.dll
0x00007ff8e76b0000 - 0x00007ff8e76dd000 	C:\Windows\SYSTEM32\IPHLPAPI.DLL
0x00007ff8eab20000 - 0x00007ff8eab29000 	C:\Windows\System32\NSI.dll
0x00007ff8e7d80000 - 0x00007ff8e7d98000 	C:\Windows\SYSTEM32\kernel.appcore.dll
0x00007ff8aba10000 - 0x00007ff8abaab000 	C:\Program Files\OpenJDK\jre-11.0.11.9-hotspot\bin\msvcp140.dll
0x00007ff84f150000 - 0x00007ff84fc23000 	C:\Program Files\OpenJDK\jre-11.0.11.9-hotspot\bin\server\jvm.dll
0x00007ff8c68b0000 - 0x00007ff8c68b9000 	C:\Windows\SYSTEM32\WSOCK32.dll
0x00007ff8e9710000 - 0x00007ff8e977f000 	C:\Windows\System32\WS2_32.dll
0x00007ff8e07a0000 - 0x00007ff8e07d3000 	C:\Windows\SYSTEM32\WINMM.dll
0x00007ff8e03e0000 - 0x00007ff8e03ea000 	C:\Windows\SYSTEM32\VERSION.dll
0x00007ff8cc180000 - 0x00007ff8cc190000 	C:\Program Files\OpenJDK\jre-11.0.11.9-hotspot\bin\verify.dll
0x00007ff8e6430000 - 0x00007ff8e6651000 	C:\Windows\SYSTEM32\DBGHELP.DLL
0x00007ff8cb100000 - 0x00007ff8cb131000 	C:\Windows\SYSTEM32\dbgcore.DLL
0x00007ff8e8dc0000 - 0x00007ff8e8e3f000 	C:\Windows\System32\bcryptPrimitives.dll
0x00007ff8ad860000 - 0x00007ff8ad888000 	C:\Program Files\OpenJDK\jre-11.0.11.9-hotspot\bin\java.dll
0x00007ff8cc170000 - 0x00007ff8cc17a000 	C:\Program Files\OpenJDK\jre-11.0.11.9-hotspot\bin\jimage.dll
0x00007ff8cc050000 - 0x00007ff8cc067000 	C:\Program Files\OpenJDK\jre-11.0.11.9-hotspot\bin\zip.dll
0x00007ff8e6d20000 - 0x00007ff8e7582000 	C:\Windows\SYSTEM32\windows.storage.dll
0x00007ff8eb500000 - 0x00007ff8eb876000 	C:\Windows\System32\combase.dll
0x00007ff8e6bb0000 - 0x00007ff8e6d17000 	C:\Windows\SYSTEM32\wintypes.dll
0x00007ff8e9d80000 - 0x00007ff8e9e6a000 	C:\Windows\System32\SHCORE.dll
0x00007ff8e9c00000 - 0x00007ff8e9c5d000 	C:\Windows\System32\shlwapi.dll
0x00007ff8e8c80000 - 0x00007ff8e8ca5000 	C:\Windows\SYSTEM32\profapi.dll
0x00007ff8b68c0000 - 0x00007ff8b68d9000 	C:\Program Files\OpenJDK\jre-11.0.11.9-hotspot\bin\net.dll
0x00007ff8e4a70000 - 0x00007ff8e4b84000 	C:\Windows\SYSTEM32\WINHTTP.dll
0x00007ff8e8290000 - 0x00007ff8e82f7000 	C:\Windows\system32\mswsock.dll
0x00007ff8b5c70000 - 0x00007ff8b5c82000 	C:\Program Files\OpenJDK\jre-11.0.11.9-hotspot\bin\nio.dll
0x00007ff8e0520000 - 0x00007ff8e052a000 	C:\Windows\System32\rasadhlp.dll
0x00007ff8e5210000 - 0x00007ff8e5291000 	C:\Windows\System32\fwpuclnt.dll
0x00007ff8ad830000 - 0x00007ff8ad855000 	C:\Program Files\OpenJDK\jre-11.0.11.9-hotspot\bin\sunec.dll
0x00007ff8e8560000 - 0x00007ff8e8578000 	C:\Windows\SYSTEM32\CRYPTSP.dll
0x00007ff8e7ce0000 - 0x00007ff8e7d15000 	C:\Windows\system32\rsaenh.dll
0x00007ff8e8330000 - 0x00007ff8e835c000 	C:\Windows\SYSTEM32\USERENV.dll
0x00007ff8e8720000 - 0x00007ff8e8747000 	C:\Windows\SYSTEM32\bcrypt.dll
0x00007ff8e8480000 - 0x00007ff8e848c000 	C:\Windows\SYSTEM32\CRYPTBASE.dll
0x00007ff8e4a20000 - 0x00007ff8e4a39000 	C:\Windows\SYSTEM32\dhcpcsvc6.DLL
0x00007ff8e48e0000 - 0x00007ff8e48fe000 	C:\Windows\SYSTEM32\dhcpcsvc.DLL

dbghelp: loaded successfully - version: 4.0.5 - missing functions: none
symbol engine: initialized successfully - sym options: 0x614 - pdb path: .;C:\Program Files\OpenJDK\jre-11.0.11.9-hotspot\bin;C:\Windows\SYSTEM32;C:\Windows\WinSxS\amd64_microsoft.windows.common-controls_6595b64144ccf1df_6.0.22000.120_none_9d947278b86cc467;C:\Windows\system32\tmumh\20019\AddOn\8.55.0.1288;C:\Windows\system32\tmumh\20019\TmMon\2.9.0.1084;C:\Windows\System32\TmLWE\TmUmSnsr64\1.0.0.1127;C:\Program Files\OpenJDK\jre-11.0.11.9-hotspot\bin\server

VM Arguments:
jvm_args: -Dfile.encoding=Cp1252 
java_command: Testfinalpage.Testpage
java_class_path (initial): D:\Pinkesh\EVOTINGAUTOMATION\bin;D:\selenium jars and drivers\selenium-java-4.15.0\selenium-api-4.15.0.jar;D:\selenium jars and drivers\selenium-java-4.15.0\selenium-api-4.15.0-sources.jar;D:\selenium jars and drivers\selenium-java-4.15.0\selenium-chrome-driver-4.15.0.jar;D:\selenium jars and drivers\selenium-java-4.15.0\selenium-chrome-driver-4.15.0-sources.jar;D:\selenium jars and drivers\selenium-java-4.15.0\selenium-chromium-driver-4.15.0.jar;D:\selenium jars and drivers\selenium-java-4.15.0\selenium-chromium-driver-4.15.0-sources.jar;D:\selenium jars and drivers\selenium-java-4.15.0\selenium-devtools-v85-4.15.0.jar;D:\selenium jars and drivers\selenium-java-4.15.0\selenium-devtools-v85-4.15.0-sources.jar;D:\selenium jars and drivers\selenium-java-4.15.0\selenium-devtools-v117-4.15.0.jar;D:\selenium jars and drivers\selenium-java-4.15.0\selenium-devtools-v117-4.15.0-sources.jar;D:\selenium jars and drivers\selenium-java-4.15.0\selenium-devtools-v118-4.15.0.jar;D:\selenium jars and drivers\selenium-java-4.15.0\selenium-devtools-v118-4.15.0-sources.jar;D:\selenium jars and drivers\selenium-java-4.15.0\selenium-devtools-v119-4.15.0.jar;D:\selenium jars and drivers\selenium-java-4.15.0\selenium-devtools-v119-4.15.0-sources.jar;D:\selenium jars and drivers\selenium-java-4.15.0\selenium-edge-driver-4.15.0.jar;D:\selenium jars and drivers\selenium-java-4.15.0\selenium-edge-driver-4.15.0-sources.jar;D:\selenium jars and drivers\selenium-java-4.15.0\selenium-firefox-driver-4.15.0.jar;D:\selenium jars and drivers\selenium-java-4.15.0\selenium-firefox-driver-4.15.0-sources.jar;D:\selenium jars and drivers\selenium-java-4.15.0\selenium-http-4.15.0.jar;D:\selenium jars and drivers\selenium-java-4.15.0\selenium-http-4.15.0-sources.jar;D:\selenium jars and drivers\selenium-java-4.15.0\selenium-ie-driver-4.15.0.jar;D:\selenium jars and drivers\selenium-java-4.15.0\selenium-ie-driver-4.15.0-sources.jar;D:\selenium jars and drivers\selenium-java-4.15.
Launcher Type: SUN_STANDARD

[Global flags]
     intx CICompilerCount                          = 4                                         {product} {ergonomic}
     uint ConcGCThreads                            = 2                                         {product} {ergonomic}
     uint G1ConcRefinementThreads                  = 8                                         {product} {ergonomic}
   size_t G1HeapRegionSize                         = 1048576                                   {product} {ergonomic}
    uintx GCDrainStackTargetSize                   = 64                                        {product} {ergonomic}
   size_t InitialHeapSize                          = 132120576                                 {product} {ergonomic}
   size_t MarkStackSize                            = 4194304                                   {product} {ergonomic}
   size_t MaxHeapSize                              = 2095054848                                {product} {ergonomic}
   size_t MaxNewSize                               = 1256194048                                {product} {ergonomic}
   size_t MinHeapDeltaBytes                        = 1048576                                   {product} {ergonomic}
    uintx NonNMethodCodeHeapSize                   = 5836300                                {pd product} {ergonomic}
    uintx NonProfiledCodeHeapSize                  = 122910970                              {pd product} {ergonomic}
    uintx ProfiledCodeHeapSize                     = 122910970                              {pd product} {ergonomic}
    uintx ReservedCodeCacheSize                    = 251658240                              {pd product} {ergonomic}
     bool SegmentedCodeCache                       = true                                      {product} {ergonomic}
     bool UseCompressedClassPointers               = true                                 {lp64_product} {ergonomic}
     bool UseCompressedOops                        = true                                 {lp64_product} {ergonomic}
     bool UseG1GC                                  = true                                      {product} {ergonomic}
     bool UseLargePagesIndividualAllocation        = false                                  {pd product} {ergonomic}

Logging:
Log output configuration:
 #0: stdout all=warning uptime,level,tags
 #1: stderr all=off uptime,level,tags

Environment Variables:
JAVA_HOME=C:\Program Files\OpenJDK\jre-11.0.11.9-hotspot\
PATH=C:/Program Files/OpenJDK/jre-11.0.11.9-hotspot/bin/server;C:/Program Files/OpenJDK/jre-11.0.11.9-hotspot/bin;C:\Program Files\OpenJDK\jre-11.0.11.9-hotspot\bin;C:\Program Files\Common Files\Oracle\Java\javapath;C:\Program Files (x86)\Common Files\Oracle\Java\javapath;C:\Windows\system32;C:\Windows;C:\Windows\System32\Wbem;C:\Windows\System32\WindowsPowerShell\v1.0\;C:\Windows\System32\OpenSSH\;C:\Program Files\HP\Common\HPDestPlgIn\;C:\Program Files (x86)\HP\Common\HPDestPlgIn\;C:\Users\Pinkeshc\AppData\Local\Microsoft\WindowsApps;E:\seleniumsoftwares\apache-maven-3.9.2-bin\apache-maven-3.9.2\bin;;E:\seleniumsoftwares\photon\eclipse;
USERNAME=PinkeshC
OS=Windows_NT
PROCESSOR_IDENTIFIER=Intel64 Family 6 Model 140 Stepping 1, GenuineIntel



---------------  S Y S T E M  ---------------

OS: Windows 10 , 64 bit Build 22000 (10.0.22000.2538)
OS uptime: 80 days 23:45 hours
Hyper-V role detected

CPU:total 8 (initial active 8) (4 cores per cpu, 2 threads per core) family 6 model 140 stepping 1 microcode 0x8a, cmov, cx8, fxsr, mmx, sse, sse2, sse3, ssse3, sse4.1, sse4.2, popcnt, avx, avx2, aes, clmul, erms, 3dnowpref, lzcnt, ht, tsc, tscinvbit, bmi1, bmi2, adx, evex, sha, fma

Memory: 4k page, system-wide physical 7987M (272M free)
TotalPageFile size 32563M (AvailPageFile size 4M)
current process WorkingSet (physical memory assigned to process): 170M, peak: 170M
current process commit charge ("private bytes"): 261M, peak: 261M

vm_info: OpenJDK 64-Bit Server VM (11.0.11+9-adhoc..jdk11u) for windows-amd64 JRE (11.0.11+9-adhoc..jdk11u), built on Apr 21 2021 18:10:31 by "" with MS VC++ 15.9 (VS2017)

END.
